2021-04-17_12:39:54.587 [restartedMain] INFO  c.w.l.CommentServiceApplication - Starting CommentServiceApplication using Java 11.0.3 on WINAPp9SyIy5ki6 with PID 30204 (C:\PROJETO-SPRING-CLOUD\2-TEST-START-REPO\project-spring-cloud\comment-service\target\classes started by jean.pereira.sampaio in C:\PROJETO-SPRING-CLOUD\2-TEST-START-REPO\project-spring-cloud\comment-service)
2021-04-17_12:39:54.591 [restartedMain] INFO  c.w.l.CommentServiceApplication - The following profiles are active: test
2021-04-17_12:39:54.650 [restartedMain] INFO  o.s.b.d.e.DevToolsPropertyDefaultsPostProcessor - Devtools property defaults active! Set 'spring.devtools.add-properties' to 'false' to disable
2021-04-17_12:39:54.651 [restartedMain] INFO  o.s.b.d.e.DevToolsPropertyDefaultsPostProcessor - For additional web related logging consider setting the 'logging.level.web' property to 'DEBUG'
2021-04-17_12:39:55.672 [restartedMain] INFO  o.s.cloud.context.scope.GenericScope - BeanFactory id=39131723-4cf1-37d3-b291-7f1473453fa9
2021-04-17_12:39:56.851 [restartedMain] INFO  o.s.b.w.e.tomcat.TomcatWebServer - Tomcat initialized with port(s): 9005 (http)
2021-04-17_12:39:56.867 [restartedMain] INFO  o.a.catalina.core.StandardService - Starting service [Tomcat]
2021-04-17_12:39:56.867 [restartedMain] INFO  o.a.catalina.core.StandardEngine - Starting Servlet engine: [Apache Tomcat/9.0.44]
2021-04-17_12:39:56.990 [restartedMain] INFO  o.a.c.c.C.[Tomcat].[localhost].[/] - Initializing Spring embedded WebApplicationContext
2021-04-17_12:39:56.990 [restartedMain] INFO  o.s.b.w.s.c.ServletWebServerApplicationContext - Root WebApplicationContext: initialization completed in 2338 ms
2021-04-17_12:39:58.013 [restartedMain] INFO  o.s.s.c.ThreadPoolTaskExecutor - Initializing ExecutorService 'applicationTaskExecutor'
2021-04-17_12:39:58.449 [restartedMain] INFO  o.s.b.d.a.OptionalLiveReloadServer - LiveReload server is running on port 35729
2021-04-17_12:39:59.156 [restartedMain] INFO  o.s.b.w.e.tomcat.TomcatWebServer - Tomcat started on port(s): 9005 (http) with context path ''
2021-04-17_12:39:59.548 [restartedMain] INFO  c.w.l.CommentServiceApplication - Started CommentServiceApplication in 6.447 seconds (JVM running for 7.316)
2021-04-17_12:40:03.784 [http-nio-9005-exec-2] INFO  o.a.c.c.C.[Tomcat].[localhost].[/] - Initializing Spring DispatcherServlet 'dispatcherServlet'
2021-04-17_12:40:03.785 [http-nio-9005-exec-2] INFO  o.s.web.servlet.DispatcherServlet - Initializing Servlet 'dispatcherServlet'
2021-04-17_12:40:03.787 [http-nio-9005-exec-2] INFO  o.s.web.servlet.DispatcherServlet - Completed initialization in 1 ms
2021-04-17_12:40:03.834 [http-nio-9005-exec-2] INFO  c.w.l.c.service.CommentServiceImpl - Finding comments of post with id 1
2021-04-17_12:40:03.836 [http-nio-9005-exec-2] INFO  c.w.l.c.service.CommentServiceImpl - Found 2 comment(s) of post with id 1
2021-04-17_12:40:03.837 [http-nio-9005-exec-2] ERROR c.w.l.c.service.CommentServiceImpl - Opps Exception raised....
2021-04-17_12:40:03.838 [http-nio-9005-exec-2] ERROR c.w.l.c.service.CommentServiceImpl - Opps Exception raised....
2021-04-17_12:40:03.838 [http-nio-9005-exec-2] ERROR c.w.l.c.service.CommentServiceImpl - Opps Exception raised....
2021-04-17_12:40:03.839 [http-nio-9005-exec-2] ERROR c.w.l.c.service.CommentServiceImpl - Opps Exception raised....
2021-04-17_12:40:03.840 [http-nio-9005-exec-2] ERROR c.w.l.c.service.CommentServiceImpl - Opps Exception raised....
2021-04-17_12:40:03.840 [http-nio-9005-exec-2] ERROR c.w.l.c.service.CommentServiceImpl - Opps Exception raised....
2021-04-17_12:40:03.841 [http-nio-9005-exec-2] ERROR c.w.l.c.service.CommentServiceImpl - Opps Exception raised....
2021-04-17_12:40:03.842 [http-nio-9005-exec-2] ERROR c.w.l.c.service.CommentServiceImpl - Opps Exception raised....
2021-04-17_12:40:03.842 [http-nio-9005-exec-2] ERROR c.w.l.c.service.CommentServiceImpl - Opps Exception raised....
2021-04-17_12:40:03.842 [http-nio-9005-exec-2] ERROR c.w.l.c.service.CommentServiceImpl - Opps Exception raised....
2021-04-17_12:40:03.842 [http-nio-9005-exec-2] INFO  c.w.l.c.service.CommentServiceImpl - Nova mensagem 1 soadjfojfosjaofjoaofsjs
2021-04-17_12:40:03.842 [http-nio-9005-exec-2] INFO  c.w.l.c.service.CommentServiceImpl - Nova Mensagem 2 sdfksdpfkspkfpdsakfpes
2021-04-17_12:45:39.412 [restartedMain] INFO  c.w.l.CommentServiceApplication - Starting CommentServiceApplication using Java 11.0.3 on WINAPp9SyIy5ki6 with PID 21636 (C:\PROJETO-SPRING-CLOUD\2-TEST-START-REPO\project-spring-cloud\comment-service\target\classes started by jean.pereira.sampaio in C:\PROJETO-SPRING-CLOUD\2-TEST-START-REPO\project-spring-cloud\comment-service)
2021-04-17_12:45:39.416 [restartedMain] INFO  c.w.l.CommentServiceApplication - The following profiles are active: test
2021-04-17_12:45:39.472 [restartedMain] INFO  o.s.b.d.e.DevToolsPropertyDefaultsPostProcessor - Devtools property defaults active! Set 'spring.devtools.add-properties' to 'false' to disable
2021-04-17_12:45:39.472 [restartedMain] INFO  o.s.b.d.e.DevToolsPropertyDefaultsPostProcessor - For additional web related logging consider setting the 'logging.level.web' property to 'DEBUG'
2021-04-17_12:45:40.518 [restartedMain] INFO  o.s.cloud.context.scope.GenericScope - BeanFactory id=39131723-4cf1-37d3-b291-7f1473453fa9
2021-04-17_12:45:41.700 [restartedMain] INFO  o.s.b.w.e.tomcat.TomcatWebServer - Tomcat initialized with port(s): 9005 (http)
2021-04-17_12:45:41.718 [restartedMain] INFO  o.a.catalina.core.StandardService - Starting service [Tomcat]
2021-04-17_12:45:41.718 [restartedMain] INFO  o.a.catalina.core.StandardEngine - Starting Servlet engine: [Apache Tomcat/9.0.44]
2021-04-17_12:45:41.830 [restartedMain] INFO  o.a.c.c.C.[Tomcat].[localhost].[/] - Initializing Spring embedded WebApplicationContext
2021-04-17_12:45:41.831 [restartedMain] INFO  o.s.b.w.s.c.ServletWebServerApplicationContext - Root WebApplicationContext: initialization completed in 2356 ms
2021-04-17_12:45:42.886 [restartedMain] INFO  o.s.s.c.ThreadPoolTaskExecutor - Initializing ExecutorService 'applicationTaskExecutor'
2021-04-17_12:45:43.289 [restartedMain] INFO  o.s.b.d.a.OptionalLiveReloadServer - LiveReload server is running on port 35729
2021-04-17_12:45:43.923 [restartedMain] INFO  o.s.b.w.e.tomcat.TomcatWebServer - Tomcat started on port(s): 9005 (http) with context path ''
2021-04-17_12:45:44.299 [restartedMain] INFO  c.w.l.CommentServiceApplication - Started CommentServiceApplication in 6.411 seconds (JVM running for 7.151)
2021-04-17_12:45:53.765 [http-nio-9005-exec-1] INFO  o.a.c.c.C.[Tomcat].[localhost].[/] - Initializing Spring DispatcherServlet 'dispatcherServlet'
2021-04-17_12:45:53.766 [http-nio-9005-exec-1] INFO  o.s.web.servlet.DispatcherServlet - Initializing Servlet 'dispatcherServlet'
2021-04-17_12:45:53.772 [http-nio-9005-exec-1] INFO  o.s.web.servlet.DispatcherServlet - Completed initialization in 4 ms
2021-04-17_12:45:53.835 [http-nio-9005-exec-1] INFO  c.w.l.c.service.CommentServiceImpl - Finding comments of post with id 1
2021-04-17_12:45:53.838 [http-nio-9005-exec-1] INFO  c.w.l.c.service.CommentServiceImpl - Found 2 comment(s) of post with id 1
2021-04-17_12:45:53.839 [http-nio-9005-exec-1] ERROR c.w.l.c.service.CommentServiceImpl - Opps Exception raised....
2021-04-17_12:45:53.840 [http-nio-9005-exec-1] ERROR c.w.l.c.service.CommentServiceImpl - Opps Exception raised....
2021-04-17_12:45:53.841 [http-nio-9005-exec-1] ERROR c.w.l.c.service.CommentServiceImpl - Opps Exception raised....
2021-04-17_12:45:53.842 [http-nio-9005-exec-1] ERROR c.w.l.c.service.CommentServiceImpl - Opps Exception raised....
2021-04-17_12:45:53.842 [http-nio-9005-exec-1] ERROR c.w.l.c.service.CommentServiceImpl - Opps Exception raised....
2021-04-17_12:45:53.843 [http-nio-9005-exec-1] ERROR c.w.l.c.service.CommentServiceImpl - Opps Exception raised....
2021-04-17_12:45:53.845 [http-nio-9005-exec-1] ERROR c.w.l.c.service.CommentServiceImpl - Opps Exception raised....
2021-04-17_12:45:53.847 [http-nio-9005-exec-1] ERROR c.w.l.c.service.CommentServiceImpl - Opps Exception raised....
2021-04-17_12:45:53.847 [http-nio-9005-exec-1] ERROR c.w.l.c.service.CommentServiceImpl - Opps Exception raised....
2021-04-17_12:45:53.847 [http-nio-9005-exec-1] ERROR c.w.l.c.service.CommentServiceImpl - Opps Exception raised....
2021-04-17_12:45:53.848 [http-nio-9005-exec-1] INFO  c.w.l.c.service.CommentServiceImpl - Nova mensagem 1 soadjfojfosjaofjoaofsjs
2021-04-17_12:45:53.848 [http-nio-9005-exec-1] INFO  c.w.l.c.service.CommentServiceImpl - Nova Mensagem 2 sdfksdpfkspkfpdsakfpes
2021-04-17_12:47:37.325 [restartedMain] INFO  c.w.l.CommentServiceApplication - Starting CommentServiceApplication using Java 11.0.3 on WINAPp9SyIy5ki6 with PID 3396 (C:\PROJETO-SPRING-CLOUD\2-TEST-START-REPO\project-spring-cloud\comment-service\target\classes started by jean.pereira.sampaio in C:\PROJETO-SPRING-CLOUD\2-TEST-START-REPO\project-spring-cloud\comment-service)
2021-04-17_12:47:37.329 [restartedMain] INFO  c.w.l.CommentServiceApplication - The following profiles are active: test
2021-04-17_12:47:37.402 [restartedMain] INFO  o.s.b.d.e.DevToolsPropertyDefaultsPostProcessor - Devtools property defaults active! Set 'spring.devtools.add-properties' to 'false' to disable
2021-04-17_12:47:37.403 [restartedMain] INFO  o.s.b.d.e.DevToolsPropertyDefaultsPostProcessor - For additional web related logging consider setting the 'logging.level.web' property to 'DEBUG'
2021-04-17_12:47:38.577 [restartedMain] INFO  o.s.cloud.context.scope.GenericScope - BeanFactory id=39131723-4cf1-37d3-b291-7f1473453fa9
2021-04-17_12:47:39.823 [restartedMain] INFO  o.s.b.w.e.tomcat.TomcatWebServer - Tomcat initialized with port(s): 9005 (http)
2021-04-17_12:47:39.837 [restartedMain] INFO  o.a.catalina.core.StandardService - Starting service [Tomcat]
2021-04-17_12:47:39.838 [restartedMain] INFO  o.a.catalina.core.StandardEngine - Starting Servlet engine: [Apache Tomcat/9.0.44]
2021-04-17_12:47:40.001 [restartedMain] INFO  o.a.c.c.C.[Tomcat].[localhost].[/] - Initializing Spring embedded WebApplicationContext
2021-04-17_12:47:40.001 [restartedMain] INFO  o.s.b.w.s.c.ServletWebServerApplicationContext - Root WebApplicationContext: initialization completed in 2596 ms
2021-04-17_12:47:41.303 [restartedMain] INFO  o.s.s.c.ThreadPoolTaskExecutor - Initializing ExecutorService 'applicationTaskExecutor'
2021-04-17_12:47:41.852 [restartedMain] INFO  o.s.b.d.a.OptionalLiveReloadServer - LiveReload server is running on port 35729
2021-04-17_12:47:42.630 [restartedMain] INFO  o.s.b.w.e.tomcat.TomcatWebServer - Tomcat started on port(s): 9005 (http) with context path ''
2021-04-17_12:47:43.138 [restartedMain] INFO  c.w.l.CommentServiceApplication - Started CommentServiceApplication in 7.382 seconds (JVM running for 8.188)
2021-04-17_13:01:22.524 [http-nio-9005-exec-1] INFO  o.a.c.c.C.[Tomcat].[localhost].[/] - Initializing Spring DispatcherServlet 'dispatcherServlet'
2021-04-17_13:01:22.526 [http-nio-9005-exec-1] INFO  o.s.web.servlet.DispatcherServlet - Initializing Servlet 'dispatcherServlet'
2021-04-17_13:01:22.530 [http-nio-9005-exec-1] INFO  o.s.web.servlet.DispatcherServlet - Completed initialization in 3 ms
2021-04-17_13:01:22.585 [http-nio-9005-exec-1] INFO  c.w.l.c.service.CommentServiceImpl - Finding comments of post with id 1
2021-04-17_13:01:22.588 [http-nio-9005-exec-1] INFO  c.w.l.c.service.CommentServiceImpl - Found 2 comment(s) of post with id 1
2021-04-17_13:01:22.589 [http-nio-9005-exec-1] ERROR c.w.l.c.service.CommentServiceImpl - Opps Exception raised....
2021-04-17_13:01:22.589 [http-nio-9005-exec-1] ERROR c.w.l.c.service.CommentServiceImpl - Opps Exception raised....
2021-04-17_13:01:22.589 [http-nio-9005-exec-1] ERROR c.w.l.c.service.CommentServiceImpl - Opps Exception raised....
2021-04-17_13:01:22.589 [http-nio-9005-exec-1] ERROR c.w.l.c.service.CommentServiceImpl - Opps Exception raised....
2021-04-17_13:01:22.589 [http-nio-9005-exec-1] ERROR c.w.l.c.service.CommentServiceImpl - Opps Exception raised....
2021-04-17_13:01:22.590 [http-nio-9005-exec-1] ERROR c.w.l.c.service.CommentServiceImpl - Opps Exception raised....
2021-04-17_13:01:22.590 [http-nio-9005-exec-1] ERROR c.w.l.c.service.CommentServiceImpl - Opps Exception raised....
2021-04-17_13:01:22.591 [http-nio-9005-exec-1] ERROR c.w.l.c.service.CommentServiceImpl - Opps Exception raised....
2021-04-17_13:01:22.592 [http-nio-9005-exec-1] ERROR c.w.l.c.service.CommentServiceImpl - Opps Exception raised....
2021-04-17_13:01:22.592 [http-nio-9005-exec-1] ERROR c.w.l.c.service.CommentServiceImpl - Opps Exception raised....
2021-04-17_13:01:22.592 [http-nio-9005-exec-1] INFO  c.w.l.c.service.CommentServiceImpl - Nova mensagem 1 soadjfojfosjaofjoaofsjs
2021-04-17_13:01:22.592 [http-nio-9005-exec-1] INFO  c.w.l.c.service.CommentServiceImpl - Nova Mensagem 2 sdfksdpfkspkfpdsakfpes
2021-04-17_13:05:06.920 [http-nio-9005-exec-5] INFO  c.w.l.c.service.CommentServiceImpl - Finding comments of post with id 1
2021-04-17_13:05:06.921 [http-nio-9005-exec-5] INFO  c.w.l.c.service.CommentServiceImpl - Found 2 comment(s) of post with id 1
2021-04-17_13:05:06.921 [http-nio-9005-exec-5] ERROR c.w.l.c.service.CommentServiceImpl - Opps Exception raised....
2021-04-17_13:05:06.921 [http-nio-9005-exec-5] ERROR c.w.l.c.service.CommentServiceImpl - Opps Exception raised....
2021-04-17_13:05:06.922 [http-nio-9005-exec-5] ERROR c.w.l.c.service.CommentServiceImpl - Opps Exception raised....
2021-04-17_13:05:06.922 [http-nio-9005-exec-5] ERROR c.w.l.c.service.CommentServiceImpl - Opps Exception raised....
2021-04-17_13:05:06.922 [http-nio-9005-exec-5] ERROR c.w.l.c.service.CommentServiceImpl - Opps Exception raised....
2021-04-17_13:05:06.922 [http-nio-9005-exec-5] ERROR c.w.l.c.service.CommentServiceImpl - Opps Exception raised....
2021-04-17_13:05:06.922 [http-nio-9005-exec-5] ERROR c.w.l.c.service.CommentServiceImpl - Opps Exception raised....
2021-04-17_13:05:06.922 [http-nio-9005-exec-5] ERROR c.w.l.c.service.CommentServiceImpl - Opps Exception raised....
2021-04-17_13:05:06.922 [http-nio-9005-exec-5] ERROR c.w.l.c.service.CommentServiceImpl - Opps Exception raised....
2021-04-17_13:05:06.922 [http-nio-9005-exec-5] ERROR c.w.l.c.service.CommentServiceImpl - Opps Exception raised....
2021-04-17_13:05:06.922 [http-nio-9005-exec-5] INFO  c.w.l.c.service.CommentServiceImpl - Nova mensagem 1 soadjfojfosjaofjoaofsjs
2021-04-17_13:05:06.922 [http-nio-9005-exec-5] INFO  c.w.l.c.service.CommentServiceImpl - Nova Mensagem 2 sdfksdpfkspkfpdsakfpes
2021-04-17_13:05:07.687 [http-nio-9005-exec-6] INFO  c.w.l.c.service.CommentServiceImpl - Finding comments of post with id 1
2021-04-17_13:05:07.688 [http-nio-9005-exec-6] INFO  c.w.l.c.service.CommentServiceImpl - Found 2 comment(s) of post with id 1
2021-04-17_13:05:07.688 [http-nio-9005-exec-6] ERROR c.w.l.c.service.CommentServiceImpl - Opps Exception raised....
2021-04-17_13:05:07.688 [http-nio-9005-exec-6] ERROR c.w.l.c.service.CommentServiceImpl - Opps Exception raised....
2021-04-17_13:05:07.691 [http-nio-9005-exec-6] ERROR c.w.l.c.service.CommentServiceImpl - Opps Exception raised....
2021-04-17_13:05:07.692 [http-nio-9005-exec-6] ERROR c.w.l.c.service.CommentServiceImpl - Opps Exception raised....
2021-04-17_13:05:07.693 [http-nio-9005-exec-6] ERROR c.w.l.c.service.CommentServiceImpl - Opps Exception raised....
2021-04-17_13:05:07.694 [http-nio-9005-exec-6] ERROR c.w.l.c.service.CommentServiceImpl - Opps Exception raised....
2021-04-17_13:05:07.694 [http-nio-9005-exec-6] ERROR c.w.l.c.service.CommentServiceImpl - Opps Exception raised....
2021-04-17_13:05:07.694 [http-nio-9005-exec-6] ERROR c.w.l.c.service.CommentServiceImpl - Opps Exception raised....
2021-04-17_13:05:07.694 [http-nio-9005-exec-6] ERROR c.w.l.c.service.CommentServiceImpl - Opps Exception raised....
2021-04-17_13:05:07.694 [http-nio-9005-exec-6] ERROR c.w.l.c.service.CommentServiceImpl - Opps Exception raised....
2021-04-17_13:05:07.694 [http-nio-9005-exec-6] INFO  c.w.l.c.service.CommentServiceImpl - Nova mensagem 1 soadjfojfosjaofjoaofsjs
2021-04-17_13:05:07.695 [http-nio-9005-exec-6] INFO  c.w.l.c.service.CommentServiceImpl - Nova Mensagem 2 sdfksdpfkspkfpdsakfpes
2021-04-17_13:05:08.378 [http-nio-9005-exec-7] INFO  c.w.l.c.service.CommentServiceImpl - Finding comments of post with id 1
2021-04-17_13:05:08.379 [http-nio-9005-exec-7] INFO  c.w.l.c.service.CommentServiceImpl - Found 2 comment(s) of post with id 1
2021-04-17_13:05:08.380 [http-nio-9005-exec-7] ERROR c.w.l.c.service.CommentServiceImpl - Opps Exception raised....
2021-04-17_13:05:08.380 [http-nio-9005-exec-7] ERROR c.w.l.c.service.CommentServiceImpl - Opps Exception raised....
2021-04-17_13:05:08.380 [http-nio-9005-exec-7] ERROR c.w.l.c.service.CommentServiceImpl - Opps Exception raised....
2021-04-17_13:05:08.380 [http-nio-9005-exec-7] ERROR c.w.l.c.service.CommentServiceImpl - Opps Exception raised....
2021-04-17_13:05:08.380 [http-nio-9005-exec-7] ERROR c.w.l.c.service.CommentServiceImpl - Opps Exception raised....
2021-04-17_13:05:08.381 [http-nio-9005-exec-7] ERROR c.w.l.c.service.CommentServiceImpl - Opps Exception raised....
2021-04-17_13:05:08.381 [http-nio-9005-exec-7] ERROR c.w.l.c.service.CommentServiceImpl - Opps Exception raised....
2021-04-17_13:05:08.381 [http-nio-9005-exec-7] ERROR c.w.l.c.service.CommentServiceImpl - Opps Exception raised....
2021-04-17_13:05:08.382 [http-nio-9005-exec-7] ERROR c.w.l.c.service.CommentServiceImpl - Opps Exception raised....
2021-04-17_13:05:08.382 [http-nio-9005-exec-7] ERROR c.w.l.c.service.CommentServiceImpl - Opps Exception raised....
2021-04-17_13:05:08.382 [http-nio-9005-exec-7] INFO  c.w.l.c.service.CommentServiceImpl - Nova mensagem 1 soadjfojfosjaofjoaofsjs
2021-04-17_13:05:08.382 [http-nio-9005-exec-7] INFO  c.w.l.c.service.CommentServiceImpl - Nova Mensagem 2 sdfksdpfkspkfpdsakfpes
2021-04-17_15:05:07.743 [main] INFO  c.w.l.CommentServiceApplicationTests - Starting CommentServiceApplicationTests using Java 11.0.3 on WINAPp9SyIy5ki6 with PID 28484 (started by jean.pereira.sampaio in C:\PROJETO-SPRING-CLOUD\2-TEST-START-REPO\project-spring-cloud\comment-service)
2021-04-17_15:05:07.748 [main] INFO  c.w.l.CommentServiceApplicationTests - The following profiles are active: test
2021-04-17_15:05:09.789 [main] INFO  o.s.cloud.context.scope.GenericScope - BeanFactory id=723911f4-844e-3bc9-b2cc-1d127dbf919b
2021-04-17_15:05:11.705 [main] INFO  o.s.s.c.ThreadPoolTaskExecutor - Initializing ExecutorService 'applicationTaskExecutor'
2021-04-17_15:05:14.129 [main] INFO  c.w.l.CommentServiceApplicationTests - Started CommentServiceApplicationTests in 8.388 seconds (JVM running for 10.434)
2021-04-17_15:05:15.080 [SpringContextShutdownHook] INFO  o.s.s.c.ThreadPoolTaskExecutor - Shutting down ExecutorService 'applicationTaskExecutor'
2021-04-17_17:01:18.353 [main] INFO  c.w.l.CommentServiceApplicationTests - Starting CommentServiceApplicationTests using Java 11.0.3 on WINAPp9SyIy5ki6 with PID 15228 (started by jean.pereira.sampaio in C:\PROJETO-SPRING-CLOUD\2-TEST-START-REPO\project-spring-cloud\comment-service)
2021-04-17_17:01:18.357 [main] INFO  c.w.l.CommentServiceApplicationTests - The following profiles are active: test
2021-04-17_17:01:19.733 [main] INFO  o.s.cloud.context.scope.GenericScope - BeanFactory id=723911f4-844e-3bc9-b2cc-1d127dbf919b
2021-04-17_17:01:21.380 [main] INFO  o.s.s.c.ThreadPoolTaskExecutor - Initializing ExecutorService 'applicationTaskExecutor'
2021-04-17_17:01:23.753 [main] INFO  c.w.l.CommentServiceApplicationTests - Started CommentServiceApplicationTests in 7.082 seconds (JVM running for 8.651)
2021-04-17_17:01:24.678 [SpringContextShutdownHook] INFO  o.s.s.c.ThreadPoolTaskExecutor - Shutting down ExecutorService 'applicationTaskExecutor'
2021-04-17_17:08:29.183 [main] INFO  c.w.l.CommentServiceApplicationTests - Starting CommentServiceApplicationTests using Java 11.0.3 on WINAPp9SyIy5ki6 with PID 28816 (started by jean.pereira.sampaio in C:\PROJETO-SPRING-CLOUD\2-TEST-START-REPO\project-spring-cloud\comment-service)
2021-04-17_17:08:29.188 [main] INFO  c.w.l.CommentServiceApplicationTests - The following profiles are active: test
2021-04-17_17:08:30.722 [main] INFO  o.s.cloud.context.scope.GenericScope - BeanFactory id=723911f4-844e-3bc9-b2cc-1d127dbf919b
2021-04-17_17:08:32.491 [main] INFO  o.s.s.c.ThreadPoolTaskExecutor - Initializing ExecutorService 'applicationTaskExecutor'
2021-04-17_17:08:34.826 [main] INFO  c.w.l.CommentServiceApplicationTests - Started CommentServiceApplicationTests in 9.026 seconds (JVM running for 10.645)
2021-04-17_17:08:35.586 [SpringContextShutdownHook] INFO  o.s.s.c.ThreadPoolTaskExecutor - Shutting down ExecutorService 'applicationTaskExecutor'
2021-04-17_17:43:51.868 [main] INFO  c.w.l.CommentServiceApplicationTests - Starting CommentServiceApplicationTests using Java 11.0.3 on WINAPp9SyIy5ki6 with PID 21700 (started by jean.pereira.sampaio in C:\PROJETO-SPRING-CLOUD\2-TEST-START-REPO\project-spring-cloud\comment-service)
2021-04-17_17:43:51.873 [main] INFO  c.w.l.CommentServiceApplicationTests - The following profiles are active: test
2021-04-17_17:43:53.179 [main] INFO  o.s.cloud.context.scope.GenericScope - BeanFactory id=723911f4-844e-3bc9-b2cc-1d127dbf919b
2021-04-17_17:43:54.688 [main] INFO  o.s.s.c.ThreadPoolTaskExecutor - Initializing ExecutorService 'applicationTaskExecutor'
2021-04-17_17:43:57.073 [main] INFO  c.w.l.CommentServiceApplicationTests - Started CommentServiceApplicationTests in 8.33 seconds (JVM running for 9.856)
2021-04-17_17:43:57.872 [SpringContextShutdownHook] INFO  o.s.s.c.ThreadPoolTaskExecutor - Shutting down ExecutorService 'applicationTaskExecutor'
